Running on emulator-5554
 > Flow comprar_acao_sucesso_flow
Launch app "com.example.stock_app"...Run ../pages/cadastro_page.yaml...
Run ../pages/cadastro_page.yaml...
  Tap on "Cadastrar"... COMPLETED
  Tap on "Usuário"... COMPLETED
  Input text ${usuario}... COMPLETED
  Tap on "Senha"... COMPLETED
  Input text ${senha}... COMPLETED
  Tap on "Cadastrar"...Run ../pages/cadastro_page.yaml... RUNNING
Run ../pages/cadastro_page.yaml... RUNNING
Press back...Run ../pages/login_page.yaml...
Run ../pages/login_page.yaml...
  Tap on "Fazer Login"... COMPLETED
  Tap on "Usuário"... COMPLETED
  Input text ${usuario}... COMPLETED
  Tap on "Senha"... COMPLETED
  Input text ${senha}... COMPLETED
  Tap on "Entrar"...Run ../pages/login_page.yaml... RUNNING
Run ../pages/home_page.yaml...
Run ../pages/home_page.yaml...
  Tap on "Comprar Ações"...Run ../pages/home_page.yaml... RUNNING
Run ../pages/select_stock_page.yaml...
Run ../pages/select_stock_page.yaml...
  Tap on "Select Stock"... COMPLETED
  Tap on "Tesla Inc. (TSLA)"...Run ../pages/select_stock_page.yaml... RUNNING
Run ../pages/quantity_page.yaml...
Run ../pages/quantity_page.yaml...
  Tap on "Quantity"... COMPLETED
  Input text ${quantidade}... COMPLETED
  Tap on "Buy Stock"...Run ../pages/quantity_page.yaml... RUNNING
Run ../pages/confirmation_page.yaml...
Run ../pages/confirmation_page.yaml...
  Assert that "Total Order Value: $215.90" is visible... COMPLETED
  Assert that "Purchase Successful" is visible...Run ../pages/confirmation_page.yaml... RUNNING
Run ../pages/confirmation_page.yaml... RUNNING
Press back... COMPLETED
Assert that "Saldo: $99784.10" is visible...Run ../pages/minhas_ordens.yaml...
Run ../pages/minhas_ordens.yaml...

Assertion is false: "Saldo: $99784.10" is visible

==== Debug output (logs & screenshots) ====

C:\Users\thiag\.maestro\tests\2025-02-16_213515
