Running on emulator-5554
 > Flow comprar_acao_saldo_insuficiente_flow
Launch app "com.example.stock_app"...Run ../pages/login_page.yaml...
Run ../pages/login_page.yaml...
  Tap on "Fazer Login"... COMPLETED
  Tap on "Usuário"... COMPLETED
  Input text ${usuario}... COMPLETED
  Tap on "Senha"... COMPLETED
  Input text ${senha}... COMPLETED
  Tap on "Entrar"...Run ../pages/login_page.yaml... RUNNING
Run ../pages/home_page.yaml...
Run ../pages/home_page.yaml...
  Tap on "Comprar Ações"...Run ../pages/home_page.yaml... RUNNING
Run ../pages/select_stock_page.yaml...
Run ../pages/select_stock_page.yaml...
  Tap on "Select Stock"... COMPLETED
  Tap on "Tesla Inc. (TSLA)"...Run ../pages/select_stock_page.yaml... RUNNING
Run ../pages/quantity_page.yaml...
Run ../pages/quantity_page.yaml...
  Tap on "Quantity"... COMPLETED
  Input text ${quantidade}... COMPLETED
  Tap on "Buy Stock"...Run ../pages/quantity_page.yaml... RUNNING
Run ../pages/quantity_page.yaml... RUNNING
Assert that "Failed to Purchase" is visible... COMPLETED
